-------------------------------------------------------------------------------
Test set: com.mycompany.solucao1.UtilizadorPraticanteOcasional_ESTest
-------------------------------------------------------------------------------
Tests run: 14, Failures: 1, Errors: 0, Skipped: 0, Time elapsed: 0.008 s <<< FAILURE! - in com.mycompany.solucao1.UtilizadorPraticanteOcasional_ESTest
com.mycompany.solucao1.UtilizadorPraticanteOcasional_ESTest.test10  Time elapsed: 0.001 s  <<< FAILURE!
org.junit.ComparisonFailure: 
expected:<...digo de Utilizador: [1
Nome: `wFJV9S
Morada: `wFJV9S
Email: `wFJV9S
Frequencia Cardiaca: 1441 bpm
Peso: 1441.0 kilos
Altura: 1441 centimetros
Data de nascimento 14/02/2014
Idade: 0] anos
Genero: f
Ativ...> but was:<...digo de Utilizador: [-2512
Nome: `wFJV9S
Morada: `wFJV9S
Email: `wFJV9S
Frequencia Cardiaca: 1441 bpm
Peso: 1441.0 kilos
Altura: 1441 centimetros
Data de nascimento 14/02/2014
Idade: 11] anos
Genero: f
Ativ...>
	at org.junit.Assert.assertEquals(Assert.java:115)
	at org.junit.Assert.assertEquals(Assert.java:144)
	at com.mycompany.solucao1.UtilizadorPraticanteOcasional_ESTest.test10(UtilizadorPraticanteOcasional_ESTest.java:149)
	at sun.reflect.NativeMethodAccessorImpl.invoke0(Native Method)
	at sun.reflect.NativeMethodAccessorImpl.invoke(NativeMethodAccessorImpl.java:62)
	at sun.reflect.DelegatingMethodAccessorImpl.invoke(DelegatingMethodAccessorImpl.java:43)
	at java.lang.reflect.Method.invoke(Method.java:498)
	at org.junit.runners.model.FrameworkMethod$1.runReflectiveCall(FrameworkMethod.java:50)
	at org.junit.internal.runners.model.ReflectiveCallable.run(ReflectiveCallable.java:12)
	at org.junit.runners.model.FrameworkMethod.invokeExplosively(FrameworkMethod.java:47)
	at org.junit.internal.runners.statements.InvokeMethod.evaluate(InvokeMethod.java:17)
	at org.junit.internal.runners.statements.FailOnTimeout$CallableStatement.call(FailOnTimeout.java:298)
	at org.junit.internal.runners.statements.FailOnTimeout$CallableStatement.call(FailOnTimeout.java:292)
	at java.util.concurrent.FutureTask.run(FutureTask.java:266)
	at java.lang.Thread.run(Thread.java:750)

