-------------------------------------------------------------------------------
Test set: com.mycompany.solucao1.AtivRepeticoes_ESTest
-------------------------------------------------------------------------------
Tests run: 16, Failures: 1, Errors: 0, Skipped: 0, Time elapsed: 0.013 s <<< FAILURE! - in com.mycompany.solucao1.AtivRepeticoes_ESTest
com.mycompany.solucao1.AtivRepeticoes_ESTest.test14  Time elapsed: 0.001 s  <<< FAILURE!
org.junit.ComparisonFailure: 
expected:<Atividade
Id: 1[
Data e hora: 14/02/2014 20:21:21]
Duraçao: 00:00
Freq...> but was:<Atividade
Id: 1[8
Data e hora: 04/06/2025 20:01:39]
Duraçao: 00:00
Freq...>
	at org.junit.Assert.assertEquals(Assert.java:115)
	at org.junit.Assert.assertEquals(Assert.java:144)
	at com.mycompany.solucao1.AtivRepeticoes_ESTest.test14(AtivRepeticoes_ESTest.java:187)
	at sun.reflect.NativeMethodAccessorImpl.invoke0(Native Method)
	at sun.reflect.NativeMethodAccessorImpl.invoke(NativeMethodAccessorImpl.java:62)
	at sun.reflect.DelegatingMethodAccessorImpl.invoke(DelegatingMethodAccessorImpl.java:43)
	at java.lang.reflect.Method.invoke(Method.java:498)
	at org.junit.runners.model.FrameworkMethod$1.runReflectiveCall(FrameworkMethod.java:50)
	at org.junit.internal.runners.model.ReflectiveCallable.run(ReflectiveCallable.java:12)
	at org.junit.runners.model.FrameworkMethod.invokeExplosively(FrameworkMethod.java:47)
	at org.junit.internal.runners.statements.InvokeMethod.evaluate(InvokeMethod.java
