<?xml version="1.0" encoding="UTF-8"?>
<testsuite xmlns:xsi="http://www.w3.org/2001/XMLSchema-instance" xsi:noNamespaceSchemaLocation="https://maven.apache.org/surefire/maven-surefire-plugin/xsd/surefire-test-report-3.0.xsd" version="3.0" name="com.mycompany.solucao1.AtivDistancia_ESTest" time="0.282" tests="18" errors="0" skipped="0" failures="0">
  <properties>
[...]
</properties>
  <testcase name="test06" classname="com.mycompany.solucao1.AtivDistancia_ESTest" time="0.014">
    <system-err><![CDATA[SLF4J: Failed to load class "org.slf4j.impl.StaticLoggerBinder".
SLF4J: Defaulting to no-operation (NOP) logger implementation
SLF4J: See http://www.slf4j.org/codes.html#StaticLoggerBinder for further details.
]]></system-err>
  </testcase>
  <testcase name="test17" classname="com.mycompany.solucao1.AtivDistancia_ESTest" time="0.005"/>
  <testcase name="test07" classname="com.mycompany.solucao1.AtivDistancia_ESTest" time="0.001"/>
  <testcase name="test18" classname="com.mycompany.solucao1.AtivDistancia_ESTest" time="0.002"/>
  <testcase name="test08" classname="com.mycompany.solucao1.AtivDistancia_ESTest" time="0.001"/>
  <testcase name="test09" classname="com.mycompany.solucao1.AtivDistancia_ESTest" time="0.002"/>
  <testcase name="test10" classname="com.mycompany.solucao1.AtivDistancia_ESTest" time="0.001"/>
  <testcase name="test00" classname="com.mycompany.solucao1.AtivDistancia_ESTest" time="0.001"/>
  <testcase name="test11" classname="com.mycompany.solucao1.AtivDistancia_ESTest" time="0.002"/>
  <testcase name="test12" classname="com.mycompany.solucao1.AtivDistancia_ESTest" time="0.002"/>
  <testcase name="test02" classname="com.mycompany.solucao1.AtivDistancia_ESTest" time="0.001"/>
  <testcase name="test13" classname="com.mycompany.solucao1.AtivDistancia_ESTest" time="0.001"/>
  <testcase name="test03" classname="com.mycompany.solucao1.AtivDistancia_ESTest" time="0.001"/>
  <testcase name="test14" classname="com.mycompany.solucao1.AtivDistancia_ESTest" time="0.001"/>
  <testcase name="test04" classname="com.mycompany.solucao1.AtivDistancia_ESTest" time="0.002"/>
  <testcase name="test15" classname="com.mycompany.solucao1.AtivDistancia_ESTest" time="0.001"/>
  <testcase name="test05" classname="com.mycompany.solucao1.AtivDistancia_ESTest" time="0.001"/>
  <testcase name="test16" classname="com.mycompany.solucao1.AtivDistancia_ESTest" time="0.001"/>
</testsuite>