<?xml version="1.0" encoding="UTF-8"?>
<testsuite xmlns:xsi="http://www.w3.org/2001/XMLSchema-instance" xsi:noNamespaceSchemaLocation="https://maven.apache.org/surefire/maven-surefire-plugin/xsd/surefire-test-report-3.0.xsd" version="3.0" name="com.mycompany.solucao1.Flexoes_ESTest" time="0.011" tests="16" errors="0" skipped="0" failures="3">
  <properties>
[...]
</properties>
  <testcase name="test09" classname="com.mycompany.solucao1.Flexoes_ESTest" time="0"/>
  <testcase name="test08" classname="com.mycompany.solucao1.Flexoes_ESTest" time="0.001"/>
  <testcase name="test07" classname="com.mycompany.solucao1.Flexoes_ESTest" time="0"/>
  <testcase name="test06" classname="com.mycompany.solucao1.Flexoes_ESTest" time="0.001"/>
  <testcase name="test05" classname="com.mycompany.solucao1.Flexoes_ESTest" time="0">
    <failure message="expected:&lt;-706.433250144676&gt; but was:&lt;-703.2776092303241&gt;" type="java.lang.AssertionError"><![CDATA[java.lang.AssertionError: expected:<-706.433250144676> but was:<-703.2776092303241>
	at org.junit.Assert.fail(Assert.java:88)
	at org.junit.Assert.failNotEquals(Assert.java:834)
	at org.junit.Assert.assertEquals(Assert.java:553)
	at org.junit.Assert.assertEquals(Assert.java:683)
	at com.mycompany.solucao1.Flexoes_ESTest.test05(Flexoes_ESTest.java:91)
	at sun.reflect.NativeMethodAccessorImpl.invoke0(Native Method)
	at sun.reflect.NativeMethodAccessorImpl.invoke(NativeMethodAccessorImpl.java:62)
	at sun.reflect.DelegatingMethodAccessorImpl.invoke(DelegatingMethodAccessorImpl.java:43)
	at java.lang.reflect.Method.invoke(Method.java:498)
	at org.junit.runners.model.FrameworkMethod$1.runReflectiveCall(FrameworkMethod.java:50)
	at org.junit.internal.runners.model.ReflectiveCallable.run(ReflectiveCallable.java:12)
	at org.junit.runners.model.FrameworkMethod.invokeExplosively(FrameworkMethod.java:47)
	at org.junit.internal.runners.statements.InvokeMethod.evaluate(InvokeMethod.java:17)
	at org.junit.internal.runners.statements.FailOnTimeout$CallableStatement.call(FailOnTimeout.java:298)
	at org.junit.internal.runners.statements.FailOnTimeout$CallableStatement.call(FailOnTimeout.java:292)
	at java.util.concurrent.FutureTask.run(FutureTask.java:266)
	at java.lang.Thread.run(Thread.java:750)
]]></failure>
  </testcase>
  <testcase name="test16" classname="com.mycompany.solucao1.Flexoes_ESTest" time="0.001"/>
  <testcase name="test04" classname="com.mycompany.solucao1.Flexoes_ESTest" time="0">
    <failure message="expected:&lt;29.775824652777775&gt; but was:&lt;31.702495659722224&gt;" type="java.lang.AssertionError"><![CDATA[java.lang.AssertionError: expected:<29.775824652777775> but was:<31.702495659722224>
	at org.junit.Assert.fail(Assert.java:88)
	at org.junit.Assert.failNotEquals(Assert.java:834)
	at org.junit.Assert.assertEquals(Assert.java:553)
	at org.junit.Assert.assertEquals(Assert.java:683)
	at com.mycompany.solucao1.Flexoes_ESTest.test04(Flexoes_ESTest.java:79)
	at sun.reflect.NativeMethodAccessorImpl.invoke0(Native Method)
	at sun.reflect.NativeMethodAccessorImpl.invoke(NativeMethodAccessorImpl.java:62)
	at sun.reflect.DelegatingMethodAccessorImpl.invoke(DelegatingMethodAccessorImpl.java:43)
	at java.lang.reflect.Method.invoke(Method.java:498)
	at org.junit.runners.model.FrameworkMethod$1.runReflectiveCall(FrameworkMethod.java:50)
	at org.junit.internal.runners.model.ReflectiveCallable.run(ReflectiveCallable.java:12)
	at org.junit.runners.model.FrameworkMethod.invokeExplosively(FrameworkMethod.java:47)
	at org.junit.internal.runners.statements.InvokeMethod.evaluate(InvokeMethod.java:17)
	at org.junit.internal.runners.statements.FailOnTimeout$CallableStatement.call(FailOnTimeout.java:298)
	at org.junit.internal.runners.statements.FailOnTimeout$CallableStatement.call(FailOnTimeout.java:292)
	at java.util.concurrent.FutureTask.run(FutureTask.java:266)
	at java.lang.Thread.run(Thread.java:750)
]]></failure>
  </testcase>
  <testcase name="test15" classname="com.mycompany.solucao1.Flexoes_ESTest" time="0.001"/>
  <testcase name="test03" classname="com.mycompany.solucao1.Flexoes_ESTest" time="0"/>
  <testcase name="test14" classname="com.mycompany.solucao1.Flexoes_ESTest" time="0.001"/>
  <testcase name="test02" classname="com.mycompany.solucao1.Flexoes_ESTest" time="0.001"/>
  <testcase name="test01" classname="com.mycompany.solucao1.Flexoes_ESTest" time="0"/>
  <testcase name="test12" classname="com.mycompany.solucao1.Flexoes_ESTest" time="0.001"/>
  <testcase name="test00" classname="com.mycompany.solucao1.Flexoes_ESTest" time="0">
    <failure message="expected:&lt;-16311&gt; but was:&lt;-17085&gt;" type="java.lang.AssertionError"><![CDATA[java.lang.AssertionError: expected:<-16311> but was:<-17085>
	at org.junit.Assert.fail(Assert.java:88)
	at org.junit.Assert.failNotEquals(Assert.java:834)
	at org.junit.Assert.assertEquals(Assert.java:645)
	at org.junit.Assert.assertEquals(Assert.java:631)
	at com.mycompany.solucao1.Flexoes_ESTest.test00(Flexoes_ESTest.java:36)
	at sun.reflect.NativeMethodAccessorImpl.invoke0(Native Method)
	at sun.reflect.NativeMethodAccessorImpl.invoke(NativeMethodAccessorImpl.java:62)
	at sun.reflect.DelegatingMethodAccessorImpl.invoke(DelegatingMethodAccessorImpl.java:43)
	at java.lang.reflect.Method.invoke(Method.java:498)
	at org.junit.runners.model.FrameworkMethod$1.runReflectiveCall(FrameworkMethod.java:50)
	at org.junit.internal.runners.model.ReflectiveCallable.run(ReflectiveCallable.java:12)
	at org.junit.runners.model.FrameworkMethod.invokeExplosively(FrameworkMethod.java:47)
	at org.junit.internal.runners.statements.InvokeMethod.evaluate(InvokeMethod.java:17)
	at org.junit.internal.runners.statements.FailOnTimeout$CallableStatement.call(FailOnTimeout.java:298)
	at org.junit.internal.runners.statements.FailOnTimeout$CallableStatement.call(FailOnTimeout.java:292)
	at java.util.concurrent.FutureTask.run(FutureTask.java:266)
	at java.lang.Thread.run(Thread.java:750)
]]></failure>
  </testcase>
  <testcase name="test11" classname="com.mycompany.solucao1.Flexoes_ESTest" time="0.001"/>
  <testcase name="test10" classname="com.mycompany.solucao1.Flexoes_ESTest" time="0"/>
</testsuite>